<?xml version="1.0" encoding="UTF-8"?>
<testsuites name="jest tests" tests="2" failures="0" errors="0" time="25.609">
  <testsuite name="jupyterlab_unianalytics_telemetry" errors="0" failures="0" skipped="0" timestamp="2023-09-29T12:29:09" time="13.51" tests="2">
    <testcase classname="jupyterlab_unianalytics_telemetry utils: computeLength" name="jupyterlab_unianalytics_telemetry utils: computeLength" time="0.006">
    </testcase>
    <testcase classname="jupyterlab_unianalytics_telemetry utils: processCellOutput" name="jupyterlab_unianalytics_telemetry utils: processCellOutput" time="0.004">
    </testcase>
  </testsuite>
</testsuites>