<?xml version="1.0" encoding="UTF-8"?>
<testsuites name="jest tests" tests="1" failures="0" errors="0" time="4.562">
  <testsuite name="jupyterlab-nbhosting" errors="0" failures="0" skipped="0" timestamp="2023-11-14T07:02:21" time="3.46" tests="1">
    <testcase classname="jupyterlab-nbhosting should be tested" name="jupyterlab-nbhosting should be tested" time="0.003">
    </testcase>
  </testsuite>
</testsuites>